<?xml version="1.0" encoding="UTF-8"?>
<!-- Generated by org.testng.reporters.JUnitXMLReporter -->
<testsuite hostname="DESKTOP-4PCJVBQ" ignored="0" name="Test" tests="5" failures="1" timestamp="2020-11-30T00:01:16 IST" time="0.158" errors="0">
  <testcase name="test1" time="0.021" classname="listeners.LoginTest"/>
  <testcase name="test2" time="0.005" classname="listeners.LoginTest">
    <skipped/>
  </testcase> <!-- test2 -->
  <testcase name="test2" time="0.003" classname="listeners.LoginTest">
    <skipped/>
  </testcase> <!-- test2 -->
  <testcase name="test2" time="0.003" classname="listeners.LoginTest">
    <skipped/>
  </testcase> <!-- test2 -->
  <testcase name="test2" time="0.003" classname="listeners.LoginTest">
    <failure type="java.lang.AssertionError" message="expected [Rahul1] but found [Rahul]">
      <![CDATA[java.lang.AssertionError: expected [Rahul1] but found [Rahul]
at listeners.LoginTest.test2(LoginTest.java:19)
at java.util.ArrayList.forEach(Unknown Source)
... Removed 32 stack frames]]>
    </failure>
  </testcase> <!-- test2 -->
</testsuite> <!-- Test -->
